  Addresses.cpp
  BSPFile.cpp
  BSPParser.cpp
  Config.cpp
  CVars.cpp
  Engine.cpp
  Hacks.cpp
  Main.cpp
  Math.cpp
C:\nero new back up working\neroooo\Pavall_Iste\Math.cpp(23,11): warning C4244: 'initializing': conversion from 'int' to 'float', possible loss of data
C:\nero new back up working\neroooo\Pavall_Iste\Math.cpp(24,11): warning C4244: 'initializing': conversion from 'int' to 'float', possible loss of data
C:\nero new back up working\neroooo\Pavall_Iste\Math.cpp(26,32): warning C4244: '+=': conversion from 'double' to 'float', possible loss of data
C:\nero new back up working\neroooo\Pavall_Iste\Math.cpp(27,33): warning C4244: '-=': conversion from 'double' to 'float', possible loss of data
  Memory.cpp
C:\nero new back up working\neroooo\Pavall_Iste\Memory.cpp(108,20): warning C4018: '<=': signed/unsigned mismatch
C:\nero new back up working\neroooo\Pavall_Iste\Memory.cpp(105,8): warning C4101: 'buf2': unreferenced local variable
  MemoryConfig.cpp
  Offsets.cpp
  Player.cpp
  TraceRay.cpp
  Utils.cpp
  Weapon.cpp
  Generating Code...
  LINK : /LTCG specified but no code generation required; remove /LTCG from the link command line to improve linker performance
  Pavall_Iste.vcxproj -> C:\nero new back up working\neroooo\Release\Pavall_Iste.exe
