  Weapon.cpp
g:\neroooo\pavall_iste\vector.hpp(275): error C4235: nonstandard extension used: '__asm' keyword not supported on this architecture
g:\neroooo\pavall_iste\vector.hpp(277): error C2065: 'sqrtss': undeclared identifier
g:\neroooo\pavall_iste\vector.hpp(277): error C2146: syntax error: missing ';' before identifier 'xmm0'
g:\neroooo\pavall_iste\vector.hpp(277): error C2065: 'xmm0': undeclared identifier
g:\neroooo\pavall_iste\vector.hpp(278): error C2146: syntax error: missing ';' before identifier 'movss'
g:\neroooo\pavall_iste\vector.hpp(278): error C2065: 'movss': undeclared identifier
g:\neroooo\pavall_iste\vector.hpp(278): error C2146: syntax error: missing ';' before identifier 'root'
g:\neroooo\pavall_iste\vector.hpp(278): error C2065: 'xmm0': undeclared identifier
g:\neroooo\pavall_iste\vector.hpp(279): error C2143: syntax error: missing ';' before '}'
g:\neroooo\pavall_iste\vector.hpp(292): error C4235: nonstandard extension used: '__asm' keyword not supported on this architecture
g:\neroooo\pavall_iste\vector.hpp(294): error C2065: 'sqrtss': undeclared identifier
g:\neroooo\pavall_iste\vector.hpp(294): error C2146: syntax error: missing ';' before identifier 'xmm0'
g:\neroooo\pavall_iste\vector.hpp(294): error C2065: 'xmm0': undeclared identifier
g:\neroooo\pavall_iste\vector.hpp(295): error C2146: syntax error: missing ';' before identifier 'movss'
g:\neroooo\pavall_iste\vector.hpp(295): error C2065: 'movss': undeclared identifier
g:\neroooo\pavall_iste\vector.hpp(295): error C2146: syntax error: missing ';' before identifier 'root'
g:\neroooo\pavall_iste\vector.hpp(295): error C2065: 'xmm0': undeclared identifier
g:\neroooo\pavall_iste\vector.hpp(296): error C2143: syntax error: missing ';' before '}'
g:\neroooo\pavall_iste\memory.hpp(63): warning C4312: 'reinterpret_cast': conversion from 'const uint32_t' to 'const void *' of greater size
  Utils.cpp
  TraceRay.cpp
  Player.cpp
g:\neroooo\pavall_iste\vector.hpp(275): error C4235: nonstandard extension used: '__asm' keyword not supported on this architecture
g:\neroooo\pavall_iste\vector.hpp(277): error C2065: 'sqrtss': undeclared identifier
g:\neroooo\pavall_iste\vector.hpp(277): error C2146: syntax error: missing ';' before identifier 'xmm0'
g:\neroooo\pavall_iste\vector.hpp(277): error C2065: 'xmm0': undeclared identifier
g:\neroooo\pavall_iste\vector.hpp(278): error C2146: syntax error: missing ';' before identifier 'movss'
g:\neroooo\pavall_iste\vector.hpp(278): error C2065: 'movss': undeclared identifier
g:\neroooo\pavall_iste\vector.hpp(278): error C2146: syntax error: missing ';' before identifier 'root'
g:\neroooo\pavall_iste\vector.hpp(278): error C2065: 'xmm0': undeclared identifier
g:\neroooo\pavall_iste\vector.hpp(279): error C2143: syntax error: missing ';' before '}'
g:\neroooo\pavall_iste\vector.hpp(292): error C4235: nonstandard extension used: '__asm' keyword not supported on this architecture
g:\neroooo\pavall_iste\vector.hpp(294): error C2065: 'sqrtss': undeclared identifier
g:\neroooo\pavall_iste\vector.hpp(294): error C2146: syntax error: missing ';' before identifier 'xmm0'
g:\neroooo\pavall_iste\vector.hpp(294): error C2065: 'xmm0': undeclared identifier
g:\neroooo\pavall_iste\vector.hpp(295): error C2146: syntax error: missing ';' before identifier 'movss'
g:\neroooo\pavall_iste\vector.hpp(295): error C2065: 'movss': undeclared identifier
g:\neroooo\pavall_iste\vector.hpp(295): error C2146: syntax error: missing ';' before identifier 'root'
g:\neroooo\pavall_iste\vector.hpp(295): error C2065: 'xmm0': undeclared identifier
g:\neroooo\pavall_iste\vector.hpp(296): error C2143: syntax error: missing ';' before '}'
g:\neroooo\pavall_iste\memory.hpp(63): warning C4312: 'reinterpret_cast': conversion from 'const uint32_t' to 'const void *' of greater size
  Offsets.cpp
  MemoryConfig.cpp
g:\neroooo\pavall_iste\vector.hpp(275): error C4235: nonstandard extension used: '__asm' keyword not supported on this architecture
g:\neroooo\pavall_iste\vector.hpp(277): error C2065: 'sqrtss': undeclared identifier
g:\neroooo\pavall_iste\vector.hpp(277): error C2146: syntax error: missing ';' before identifier 'xmm0'
g:\neroooo\pavall_iste\vector.hpp(277): error C2065: 'xmm0': undeclared identifier
g:\neroooo\pavall_iste\vector.hpp(278): error C2146: syntax error: missing ';' before identifier 'movss'
g:\neroooo\pavall_iste\vector.hpp(278): error C2065: 'movss': undeclared identifier
g:\neroooo\pavall_iste\vector.hpp(278): error C2146: syntax error: missing ';' before identifier 'root'
g:\neroooo\pavall_iste\vector.hpp(278): error C2065: 'xmm0': undeclared identifier
g:\neroooo\pavall_iste\vector.hpp(279): error C2143: syntax error: missing ';' before '}'
g:\neroooo\pavall_iste\vector.hpp(292): error C4235: nonstandard extension used: '__asm' keyword not supported on this architecture
g:\neroooo\pavall_iste\vector.hpp(294): error C2065: 'sqrtss': undeclared identifier
g:\neroooo\pavall_iste\vector.hpp(294): error C2146: syntax error: missing ';' before identifier 'xmm0'
g:\neroooo\pavall_iste\vector.hpp(294): error C2065: 'xmm0': undeclared identifier
g:\neroooo\pavall_iste\vector.hpp(295): error C2146: syntax error: missing ';' before identifier 'movss'
g:\neroooo\pavall_iste\vector.hpp(295): error C2065: 'movss': undeclared identifier
g:\neroooo\pavall_iste\vector.hpp(295): error C2146: syntax error: missing ';' before identifier 'root'
g:\neroooo\pavall_iste\vector.hpp(295): error C2065: 'xmm0': undeclared identifier
g:\neroooo\pavall_iste\vector.hpp(296): error C2143: syntax error: missing ';' before '}'
g:\neroooo\pavall_iste\memory.hpp(63): warning C4312: 'reinterpret_cast': conversion from 'const uint32_t' to 'const void *' of greater size
  Memory.cpp
g:\neroooo\pavall_iste\memory.hpp(63): warning C4312: 'reinterpret_cast': conversion from 'const uint32_t' to 'const void *' of greater size
g:\neroooo\pavall_iste\memory.cpp(33): warning C4244: 'argument': conversion from 'const uintptr_t' to 'DWORD', possible loss of data
g:\neroooo\pavall_iste\memory.cpp(76): warning C4244: 'argument': conversion from 'uintptr_t' to 'DWORD', possible loss of data
g:\neroooo\pavall_iste\memory.cpp(103): warning C4312: 'type cast': conversion from 'DWORD' to 'LPCVOID' of greater size
g:\neroooo\pavall_iste\memory.cpp(105): warning C4101: 'buf2': unreferenced local variable
  Math.cpp
g:\neroooo\pavall_iste\vector.hpp(275): error C4235: nonstandard extension used: '__asm' keyword not supported on this architecture
g:\neroooo\pavall_iste\vector.hpp(277): error C2065: 'sqrtss': undeclared identifier
g:\neroooo\pavall_iste\vector.hpp(277): error C2146: syntax error: missing ';' before identifier 'xmm0'
g:\neroooo\pavall_iste\vector.hpp(277): error C2065: 'xmm0': undeclared identifier
g:\neroooo\pavall_iste\vector.hpp(278): error C2146: syntax error: missing ';' before identifier 'movss'
g:\neroooo\pavall_iste\vector.hpp(278): error C2065: 'movss': undeclared identifier
g:\neroooo\pavall_iste\vector.hpp(278): error C2146: syntax error: missing ';' before identifier 'root'
g:\neroooo\pavall_iste\vector.hpp(278): error C2065: 'xmm0': undeclared identifier
g:\neroooo\pavall_iste\vector.hpp(279): error C2143: syntax error: missing ';' before '}'
g:\neroooo\pavall_iste\vector.hpp(292): error C4235: nonstandard extension used: '__asm' keyword not supported on this architecture
g:\neroooo\pavall_iste\vector.hpp(294): error C2065: 'sqrtss': undeclared identifier
g:\neroooo\pavall_iste\vector.hpp(294): error C2146: syntax error: missing ';' before identifier 'xmm0'
g:\neroooo\pavall_iste\vector.hpp(294): error C2065: 'xmm0': undeclared identifier
g:\neroooo\pavall_iste\vector.hpp(295): error C2146: syntax error: missing ';' before identifier 'movss'
g:\neroooo\pavall_iste\vector.hpp(295): error C2065: 'movss': undeclared identifier
g:\neroooo\pavall_iste\vector.hpp(295): error C2146: syntax error: missing ';' before identifier 'root'
g:\neroooo\pavall_iste\vector.hpp(295): error C2065: 'xmm0': undeclared identifier
g:\neroooo\pavall_iste\vector.hpp(296): error C2143: syntax error: missing ';' before '}'
g:\neroooo\pavall_iste\memory.hpp(63): warning C4312: 'reinterpret_cast': conversion from 'const uint32_t' to 'const void *' of greater size
g:\neroooo\pavall_iste\math.cpp(23): warning C4244: 'initializing': conversion from 'int' to 'float', possible loss of data
g:\neroooo\pavall_iste\math.cpp(24): warning C4244: 'initializing': conversion from 'int' to 'float', possible loss of data
g:\neroooo\pavall_iste\math.cpp(26): warning C4244: '+=': conversion from 'double' to 'float', possible loss of data
g:\neroooo\pavall_iste\math.cpp(27): warning C4244: '-=': conversion from 'double' to 'float', possible loss of data
  Main.cpp
g:\neroooo\pavall_iste\vector.hpp(275): error C4235: nonstandard extension used: '__asm' keyword not supported on this architecture
g:\neroooo\pavall_iste\vector.hpp(277): error C2065: 'sqrtss': undeclared identifier
g:\neroooo\pavall_iste\vector.hpp(277): error C2146: syntax error: missing ';' before identifier 'xmm0'
g:\neroooo\pavall_iste\vector.hpp(277): error C2065: 'xmm0': undeclared identifier
g:\neroooo\pavall_iste\vector.hpp(278): error C2146: syntax error: missing ';' before identifier 'movss'
g:\neroooo\pavall_iste\vector.hpp(278): error C2065: 'movss': undeclared identifier
g:\neroooo\pavall_iste\vector.hpp(278): error C2146: syntax error: missing ';' before identifier 'root'
g:\neroooo\pavall_iste\vector.hpp(278): error C2065: 'xmm0': undeclared identifier
g:\neroooo\pavall_iste\vector.hpp(279): error C2143: syntax error: missing ';' before '}'
g:\neroooo\pavall_iste\vector.hpp(292): error C4235: nonstandard extension used: '__asm' keyword not supported on this architecture
g:\neroooo\pavall_iste\vector.hpp(294): error C2065: 'sqrtss': undeclared identifier
g:\neroooo\pavall_iste\vector.hpp(294): error C2146: syntax error: missing ';' before identifier 'xmm0'
g:\neroooo\pavall_iste\vector.hpp(294): error C2065: 'xmm0': undeclared identifier
g:\neroooo\pavall_iste\vector.hpp(295): error C2146: syntax error: missing ';' before identifier 'movss'
g:\neroooo\pavall_iste\vector.hpp(295): error C2065: 'movss': undeclared identifier
g:\neroooo\pavall_iste\vector.hpp(295): error C2146: syntax error: missing ';' before identifier 'root'
g:\neroooo\pavall_iste\vector.hpp(295): error C2065: 'xmm0': undeclared identifier
g:\neroooo\pavall_iste\vector.hpp(296): error C2143: syntax error: missing ';' before '}'
g:\neroooo\pavall_iste\memory.hpp(63): warning C4312: 'reinterpret_cast': conversion from 'const uint32_t' to 'const void *' of greater size
  Hacks.cpp
g:\neroooo\pavall_iste\vector.hpp(275): error C4235: nonstandard extension used: '__asm' keyword not supported on this architecture
g:\neroooo\pavall_iste\vector.hpp(277): error C2065: 'sqrtss': undeclared identifier
g:\neroooo\pavall_iste\vector.hpp(277): error C2146: syntax error: missing ';' before identifier 'xmm0'
g:\neroooo\pavall_iste\vector.hpp(277): error C2065: 'xmm0': undeclared identifier
g:\neroooo\pavall_iste\vector.hpp(278): error C2146: syntax error: missing ';' before identifier 'movss'
g:\neroooo\pavall_iste\vector.hpp(278): error C2065: 'movss': undeclared identifier
g:\neroooo\pavall_iste\vector.hpp(278): error C2146: syntax error: missing ';' before identifier 'root'
g:\neroooo\pavall_iste\vector.hpp(278): error C2065: 'xmm0': undeclared identifier
g:\neroooo\pavall_iste\vector.hpp(279): error C2143: syntax error: missing ';' before '}'
g:\neroooo\pavall_iste\vector.hpp(292): error C4235: nonstandard extension used: '__asm' keyword not supported on this architecture
g:\neroooo\pavall_iste\vector.hpp(294): error C2065: 'sqrtss': undeclared identifier
g:\neroooo\pavall_iste\vector.hpp(294): error C2146: syntax error: missing ';' before identifier 'xmm0'
g:\neroooo\pavall_iste\vector.hpp(294): error C2065: 'xmm0': undeclared identifier
g:\neroooo\pavall_iste\vector.hpp(295): error C2146: syntax error: missing ';' before identifier 'movss'
g:\neroooo\pavall_iste\vector.hpp(295): error C2065: 'movss': undeclared identifier
g:\neroooo\pavall_iste\vector.hpp(295): error C2146: syntax error: missing ';' before identifier 'root'
g:\neroooo\pavall_iste\vector.hpp(295): error C2065: 'xmm0': undeclared identifier
g:\neroooo\pavall_iste\vector.hpp(296): error C2143: syntax error: missing ';' before '}'
g:\neroooo\pavall_iste\memory.hpp(63): warning C4312: 'reinterpret_cast': conversion from 'const uint32_t' to 'const void *' of greater size
  Engine.cpp
g:\neroooo\pavall_iste\vector.hpp(275): error C4235: nonstandard extension used: '__asm' keyword not supported on this architecture
g:\neroooo\pavall_iste\vector.hpp(277): error C2065: 'sqrtss': undeclared identifier
g:\neroooo\pavall_iste\vector.hpp(277): error C2146: syntax error: missing ';' before identifier 'xmm0'
g:\neroooo\pavall_iste\vector.hpp(277): error C2065: 'xmm0': undeclared identifier
g:\neroooo\pavall_iste\vector.hpp(278): error C2146: syntax error: missing ';' before identifier 'movss'
g:\neroooo\pavall_iste\vector.hpp(278): error C2065: 'movss': undeclared identifier
g:\neroooo\pavall_iste\vector.hpp(278): error C2146: syntax error: missing ';' before identifier 'root'
g:\neroooo\pavall_iste\vector.hpp(278): error C2065: 'xmm0': undeclared identifier
g:\neroooo\pavall_iste\vector.hpp(279): error C2143: syntax error: missing ';' before '}'
g:\neroooo\pavall_iste\vector.hpp(292): error C4235: nonstandard extension used: '__asm' keyword not supported on this architecture
g:\neroooo\pavall_iste\vector.hpp(294): error C2065: 'sqrtss': undeclared identifier
g:\neroooo\pavall_iste\vector.hpp(294): error C2146: syntax error: missing ';' before identifier 'xmm0'
g:\neroooo\pavall_iste\vector.hpp(294): error C2065: 'xmm0': undeclared identifier
g:\neroooo\pavall_iste\vector.hpp(295): error C2146: syntax error: missing ';' before identifier 'movss'
g:\neroooo\pavall_iste\vector.hpp(295): error C2065: 'movss': undeclared identifier
g:\neroooo\pavall_iste\vector.hpp(295): error C2146: syntax error: missing ';' before identifier 'root'
g:\neroooo\pavall_iste\vector.hpp(295): error C2065: 'xmm0': undeclared identifier
g:\neroooo\pavall_iste\vector.hpp(296): error C2143: syntax error: missing ';' before '}'
g:\neroooo\pavall_iste\memory.hpp(63): warning C4312: 'reinterpret_cast': conversion from 'const uint32_t' to 'const void *' of greater size
g:\neroooo\pavall_iste\engine.cpp(44): warning C4244: 'argument': conversion from 'uintptr_t' to 'const uint32_t', possible loss of data
  CVars.cpp
  Config.cpp
  BSPParser.cpp
  BSPFile.cpp
  Addresses.cpp
  Generating Code...
